2019-12-29 15:21:04 INFO  BankMain:17 - --------------------------------------------- WELCOME TO: -------------------------------------------------
2019-12-29 15:21:04 INFO  BankMain:18 -                   ___           ___                                  ___           ___           ___     
2019-12-29 15:21:04 INFO  BankMain:19 -       ___        /__/\         /  /\                  _____         /  /\         /__/\         /__/|    
2019-12-29 15:21:04 INFO  BankMain:20 -      /  /\       \  \:\       /  /:/_                /  /::\       /  /::\        \  \:\       |  |:|    
2019-12-29 15:21:04 INFO  BankMain:21 -     /  /:/        \__\:\     /  /:/ /\              /  /:/\:\     /  /:/\:\        \  \:\      |  |:|    
2019-12-29 15:21:04 INFO  BankMain:22 -    /  /:/     ___ /  /::\   /  /:/ /:/_            /  /:/~/::\   /  /:/~/::\   _____\__\:\   __|  |:|    
2019-12-29 15:21:04 INFO  BankMain:23 -   /  /::\    /__/\  /:/\:\ /__/:/ /:/ /\          /__/:/ /:/\:| /__/:/ /:/\:\ /__/::::::::\ /__/\_|:|____
2019-12-29 15:21:04 INFO  BankMain:24 -  /__/:/\:\   \  \:\/:/__\/ \  \:\/:/ /:/          \  \:\/:/~/:/ \  \:\/:/__\/ \  \:\~~\~~\/ \  \:\/:::::/
2019-12-29 15:21:04 INFO  BankMain:25 -  \__\/  \:\   \  \::/       \  \::/ /:/            \  \::/ /:/   \  \::/       \  \:\  ~~~   \  \::/~~~~ 
2019-12-29 15:21:04 INFO  BankMain:26 -       \  \:\   \  \:\        \  \:\/:/              \  \:\/:/     \  \:\        \  \:\        \  \:\     
2019-12-29 15:21:04 INFO  BankMain:27 -        \__\/    \  \:\        \  \::/                \  \::/       \  \:\        \  \:\        \  \:\    
2019-12-29 15:21:04 INFO  BankMain:28 -                  \__\/         \__\/                  \__\/         \__\/         \__\/         \__\/ 
2019-12-29 15:21:04 INFO  BankMain:29 - ------------------------------------------------------------------------------------------------------------

2019-12-29 15:21:04 INFO  BankMain:30 - If you are an existing user, please sign in. If you are a new customer and would like to apply for a new
account, please see one of our make-believe representatives at our make-believe teller stations.

2019-12-29 15:21:04 INFO  BankMain:80 - Username:
2019-12-29 15:21:16 INFO  BankMain:82 - Password: 
2019-12-29 15:21:18 INFO  BankMain:49 - Please select from these available actions:
2019-12-29 15:21:18 INFO  BankMain:50 - 1. View pending account applications. (2)
2019-12-29 15:21:18 INFO  BankMain:51 - 2. Retrieve customer account info.
2019-12-29 15:21:18 INFO  BankMain:52 - 3. Retrieve transaction log.
2019-12-29 15:21:18 INFO  BankMain:53 - 4. Register new user.
2019-12-29 15:21:18 INFO  BankMain:54 - 5. Sign out.
2019-12-29 15:21:18 INFO  BankMain:55 - 6. Exit application.
2019-12-29 15:21:22 INFO  BankMain:17 - --------------------------------------------- WELCOME TO: -------------------------------------------------
2019-12-29 15:21:22 INFO  BankMain:18 -                   ___           ___                                  ___           ___           ___     
2019-12-29 15:21:22 INFO  BankMain:19 -       ___        /__/\         /  /\                  _____         /  /\         /__/\         /__/|    
2019-12-29 15:21:22 INFO  BankMain:20 -      /  /\       \  \:\       /  /:/_                /  /::\       /  /::\        \  \:\       |  |:|    
2019-12-29 15:21:22 INFO  BankMain:21 -     /  /:/        \__\:\     /  /:/ /\              /  /:/\:\     /  /:/\:\        \  \:\      |  |:|    
2019-12-29 15:21:22 INFO  BankMain:22 -    /  /:/     ___ /  /::\   /  /:/ /:/_            /  /:/~/::\   /  /:/~/::\   _____\__\:\   __|  |:|    
2019-12-29 15:21:22 INFO  BankMain:23 -   /  /::\    /__/\  /:/\:\ /__/:/ /:/ /\          /__/:/ /:/\:| /__/:/ /:/\:\ /__/::::::::\ /__/\_|:|____
2019-12-29 15:21:22 INFO  BankMain:24 -  /__/:/\:\   \  \:\/:/__\/ \  \:\/:/ /:/          \  \:\/:/~/:/ \  \:\/:/__\/ \  \:\~~\~~\/ \  \:\/:::::/
2019-12-29 15:21:22 INFO  BankMain:25 -  \__\/  \:\   \  \::/       \  \::/ /:/            \  \::/ /:/   \  \::/       \  \:\  ~~~   \  \::/~~~~ 
2019-12-29 15:21:22 INFO  BankMain:26 -       \  \:\   \  \:\        \  \:\/:/              \  \:\/:/     \  \:\        \  \:\        \  \:\     
2019-12-29 15:21:22 INFO  BankMain:27 -        \__\/    \  \:\        \  \::/                \  \::/       \  \:\        \  \:\        \  \:\    
2019-12-29 15:21:22 INFO  BankMain:28 -                  \__\/         \__\/                  \__\/         \__\/         \__\/         \__\/ 
2019-12-29 15:21:22 INFO  BankMain:29 - ------------------------------------------------------------------------------------------------------------

2019-12-29 15:21:22 INFO  BankMain:30 - If you are an existing user, please sign in. If you are a new customer and would like to apply for a new
account, please see one of our make-believe representatives at our make-believe teller stations.

2019-12-29 15:21:22 INFO  BankMain:80 - Username:
2019-12-29 15:21:26 INFO  BankMain:82 - Password: 
2019-12-29 15:21:27 INFO  BankMain:17 - --------------------------------------------- WELCOME TO: -------------------------------------------------
2019-12-29 15:21:27 INFO  BankMain:18 -                   ___           ___                                  ___           ___           ___     
2019-12-29 15:21:27 INFO  BankMain:19 -       ___        /__/\         /  /\                  _____         /  /\         /__/\         /__/|    
2019-12-29 15:21:27 INFO  BankMain:20 -      /  /\       \  \:\       /  /:/_                /  /::\       /  /::\        \  \:\       |  |:|    
2019-12-29 15:21:27 INFO  BankMain:21 -     /  /:/        \__\:\     /  /:/ /\              /  /:/\:\     /  /:/\:\        \  \:\      |  |:|    
2019-12-29 15:21:27 INFO  BankMain:22 -    /  /:/     ___ /  /::\   /  /:/ /:/_            /  /:/~/::\   /  /:/~/::\   _____\__\:\   __|  |:|    
2019-12-29 15:21:27 INFO  BankMain:23 -   /  /::\    /__/\  /:/\:\ /__/:/ /:/ /\          /__/:/ /:/\:| /__/:/ /:/\:\ /__/::::::::\ /__/\_|:|____
2019-12-29 15:21:27 INFO  BankMain:24 -  /__/:/\:\   \  \:\/:/__\/ \  \:\/:/ /:/          \  \:\/:/~/:/ \  \:\/:/__\/ \  \:\~~\~~\/ \  \:\/:::::/
2019-12-29 15:21:27 INFO  BankMain:25 -  \__\/  \:\   \  \::/       \  \::/ /:/            \  \::/ /:/   \  \::/       \  \:\  ~~~   \  \::/~~~~ 
2019-12-29 15:21:27 INFO  BankMain:26 -       \  \:\   \  \:\        \  \:\/:/              \  \:\/:/     \  \:\        \  \:\        \  \:\     
2019-12-29 15:21:27 INFO  BankMain:27 -        \__\/    \  \:\        \  \::/                \  \::/       \  \:\        \  \:\        \  \:\    
2019-12-29 15:21:27 INFO  BankMain:28 -                  \__\/         \__\/                  \__\/         \__\/         \__\/         \__\/ 
2019-12-29 15:21:27 INFO  BankMain:29 - ------------------------------------------------------------------------------------------------------------

2019-12-29 15:21:27 INFO  BankMain:30 - If you are an existing user, please sign in. If you are a new customer and would like to apply for a new
account, please see one of our make-believe representatives at our make-believe teller stations.

2019-12-29 15:21:27 INFO  BankMain:80 - Username:
2019-12-29 15:23:23 INFO  BankMain:17 - --------------------------------------------- WELCOME TO: -------------------------------------------------
2019-12-29 15:23:23 INFO  BankMain:18 -                   ___           ___                                  ___           ___           ___     
2019-12-29 15:23:23 INFO  BankMain:19 -       ___        /__/\         /  /\                  _____         /  /\         /__/\         /__/|    
2019-12-29 15:23:23 INFO  BankMain:20 -      /  /\       \  \:\       /  /:/_                /  /::\       /  /::\        \  \:\       |  |:|    
2019-12-29 15:23:23 INFO  BankMain:21 -     /  /:/        \__\:\     /  /:/ /\              /  /:/\:\     /  /:/\:\        \  \:\      |  |:|    
2019-12-29 15:23:23 INFO  BankMain:22 -    /  /:/     ___ /  /::\   /  /:/ /:/_            /  /:/~/::\   /  /:/~/::\   _____\__\:\   __|  |:|    
2019-12-29 15:23:23 INFO  BankMain:23 -   /  /::\    /__/\  /:/\:\ /__/:/ /:/ /\          /__/:/ /:/\:| /__/:/ /:/\:\ /__/::::::::\ /__/\_|:|____
2019-12-29 15:23:23 INFO  BankMain:24 -  /__/:/\:\   \  \:\/:/__\/ \  \:\/:/ /:/          \  \:\/:/~/:/ \  \:\/:/__\/ \  \:\~~\~~\/ \  \:\/:::::/
2019-12-29 15:23:23 INFO  BankMain:25 -  \__\/  \:\   \  \::/       \  \::/ /:/            \  \::/ /:/   \  \::/       \  \:\  ~~~   \  \::/~~~~ 
2019-12-29 15:23:23 INFO  BankMain:26 -       \  \:\   \  \:\        \  \:\/:/              \  \:\/:/     \  \:\        \  \:\        \  \:\     
2019-12-29 15:23:23 INFO  BankMain:27 -        \__\/    \  \:\        \  \::/                \  \::/       \  \:\        \  \:\        \  \:\    
2019-12-29 15:23:23 INFO  BankMain:28 -                  \__\/         \__\/                  \__\/         \__\/         \__\/         \__\/ 
2019-12-29 15:23:23 INFO  BankMain:29 - ------------------------------------------------------------------------------------------------------------

2019-12-29 15:23:23 INFO  BankMain:30 - If you are an existing user, please sign in. If you are a new customer and would like to apply for a new
account, please see one of our make-believe representatives at our make-believe teller stations.

2019-12-29 15:23:23 INFO  BankMain:86 - Username:
2019-12-29 15:23:26 INFO  BankMain:88 - Password: 
2019-12-29 15:23:28 INFO  BankMain:49 - Please select from these available actions:
2019-12-29 15:23:28 INFO  BankMain:50 - 1. View pending account applications. (2)
2019-12-29 15:23:28 INFO  BankMain:51 - 2. Retrieve customer account info.
2019-12-29 15:23:28 INFO  BankMain:52 - 3. Retrieve transaction log.
2019-12-29 15:23:28 INFO  BankMain:53 - 4. Register new user.
2019-12-29 15:23:28 INFO  BankMain:54 - 5. Sign out.
2019-12-29 15:23:28 INFO  BankMain:55 - 6. Exit application.
2019-12-29 15:23:30 INFO  BankMain:17 - --------------------------------------------- WELCOME TO: -------------------------------------------------
2019-12-29 15:23:30 INFO  BankMain:18 -                   ___           ___                                  ___           ___           ___     
2019-12-29 15:23:30 INFO  BankMain:19 -       ___        /__/\         /  /\                  _____         /  /\         /__/\         /__/|    
2019-12-29 15:23:30 INFO  BankMain:20 -      /  /\       \  \:\       /  /:/_                /  /::\       /  /::\        \  \:\       |  |:|    
2019-12-29 15:23:30 INFO  BankMain:21 -     /  /:/        \__\:\     /  /:/ /\              /  /:/\:\     /  /:/\:\        \  \:\      |  |:|    
2019-12-29 15:23:30 INFO  BankMain:22 -    /  /:/     ___ /  /::\   /  /:/ /:/_            /  /:/~/::\   /  /:/~/::\   _____\__\:\   __|  |:|    
2019-12-29 15:23:30 INFO  BankMain:23 -   /  /::\    /__/\  /:/\:\ /__/:/ /:/ /\          /__/:/ /:/\:| /__/:/ /:/\:\ /__/::::::::\ /__/\_|:|____
2019-12-29 15:23:30 INFO  BankMain:24 -  /__/:/\:\   \  \:\/:/__\/ \  \:\/:/ /:/          \  \:\/:/~/:/ \  \:\/:/__\/ \  \:\~~\~~\/ \  \:\/:::::/
2019-12-29 15:23:30 INFO  BankMain:25 -  \__\/  \:\   \  \::/       \  \::/ /:/            \  \::/ /:/   \  \::/       \  \:\  ~~~   \  \::/~~~~ 
2019-12-29 15:23:30 INFO  BankMain:26 -       \  \:\   \  \:\        \  \:\/:/              \  \:\/:/     \  \:\        \  \:\        \  \:\     
2019-12-29 15:23:30 INFO  BankMain:27 -        \__\/    \  \:\        \  \::/                \  \::/       \  \:\        \  \:\        \  \:\    
2019-12-29 15:23:30 INFO  BankMain:28 -                  \__\/         \__\/                  \__\/         \__\/         \__\/         \__\/ 
2019-12-29 15:23:30 INFO  BankMain:29 - ------------------------------------------------------------------------------------------------------------

2019-12-29 15:23:30 INFO  BankMain:30 - If you are an existing user, please sign in. If you are a new customer and would like to apply for a new
account, please see one of our make-believe representatives at our make-believe teller stations.

2019-12-29 15:23:30 INFO  BankMain:86 - Username:
2019-12-29 15:23:35 INFO  BankMain:88 - Password: 
2019-12-29 15:23:36 INFO  BankMain:49 - Please select from these available actions:
2019-12-29 15:23:36 INFO  BankMain:50 - 1. View pending account applications. (2)
2019-12-29 15:23:36 INFO  BankMain:51 - 2. Retrieve customer account info.
2019-12-29 15:23:36 INFO  BankMain:52 - 3. Retrieve transaction log.
2019-12-29 15:23:36 INFO  BankMain:53 - 4. Register new user.
2019-12-29 15:23:36 INFO  BankMain:54 - 5. Sign out.
2019-12-29 15:23:36 INFO  BankMain:55 - 6. Exit application.
2019-12-29 15:23:40 INFO  BankMain:17 - --------------------------------------------- WELCOME TO: -------------------------------------------------
2019-12-29 15:23:40 INFO  BankMain:18 -                   ___           ___                                  ___           ___           ___     
2019-12-29 15:23:40 INFO  BankMain:19 -       ___        /__/\         /  /\                  _____         /  /\         /__/\         /__/|    
2019-12-29 15:23:40 INFO  BankMain:20 -      /  /\       \  \:\       /  /:/_                /  /::\       /  /::\        \  \:\       |  |:|    
2019-12-29 15:23:40 INFO  BankMain:21 -     /  /:/        \__\:\     /  /:/ /\              /  /:/\:\     /  /:/\:\        \  \:\      |  |:|    
2019-12-29 15:23:40 INFO  BankMain:22 -    /  /:/     ___ /  /::\   /  /:/ /:/_            /  /:/~/::\   /  /:/~/::\   _____\__\:\   __|  |:|    
2019-12-29 15:23:40 INFO  BankMain:23 -   /  /::\    /__/\  /:/\:\ /__/:/ /:/ /\          /__/:/ /:/\:| /__/:/ /:/\:\ /__/::::::::\ /__/\_|:|____
2019-12-29 15:23:40 INFO  BankMain:24 -  /__/:/\:\   \  \:\/:/__\/ \  \:\/:/ /:/          \  \:\/:/~/:/ \  \:\/:/__\/ \  \:\~~\~~\/ \  \:\/:::::/
2019-12-29 15:23:40 INFO  BankMain:25 -  \__\/  \:\   \  \::/       \  \::/ /:/            \  \::/ /:/   \  \::/       \  \:\  ~~~   \  \::/~~~~ 
2019-12-29 15:23:40 INFO  BankMain:26 -       \  \:\   \  \:\        \  \:\/:/              \  \:\/:/     \  \:\        \  \:\        \  \:\     
2019-12-29 15:23:40 INFO  BankMain:27 -        \__\/    \  \:\        \  \::/                \  \::/       \  \:\        \  \:\        \  \:\    
2019-12-29 15:23:40 INFO  BankMain:28 -                  \__\/         \__\/                  \__\/         \__\/         \__\/         \__\/ 
2019-12-29 15:23:40 INFO  BankMain:29 - ------------------------------------------------------------------------------------------------------------

2019-12-29 15:23:40 INFO  BankMain:30 - If you are an existing user, please sign in. If you are a new customer and would like to apply for a new
account, please see one of our make-believe representatives at our make-believe teller stations.

2019-12-29 15:23:40 INFO  BankMain:86 - Username:
2019-12-29 15:23:46 INFO  BankMain:88 - Password: 
2019-12-29 15:23:47 INFO  BankMain:164 - Sign-in failed: User / password combination not found.
2019-12-29 15:23:47 INFO  BankMain:17 - --------------------------------------------- WELCOME TO: -------------------------------------------------
2019-12-29 15:23:47 INFO  BankMain:18 -                   ___           ___                                  ___           ___           ___     
2019-12-29 15:23:47 INFO  BankMain:19 -       ___        /__/\         /  /\                  _____         /  /\         /__/\         /__/|    
2019-12-29 15:23:47 INFO  BankMain:20 -      /  /\       \  \:\       /  /:/_                /  /::\       /  /::\        \  \:\       |  |:|    
2019-12-29 15:23:47 INFO  BankMain:21 -     /  /:/        \__\:\     /  /:/ /\              /  /:/\:\     /  /:/\:\        \  \:\      |  |:|    
2019-12-29 15:23:47 INFO  BankMain:22 -    /  /:/     ___ /  /::\   /  /:/ /:/_            /  /:/~/::\   /  /:/~/::\   _____\__\:\   __|  |:|    
2019-12-29 15:23:47 INFO  BankMain:23 -   /  /::\    /__/\  /:/\:\ /__/:/ /:/ /\          /__/:/ /:/\:| /__/:/ /:/\:\ /__/::::::::\ /__/\_|:|____
2019-12-29 15:23:47 INFO  BankMain:24 -  /__/:/\:\   \  \:\/:/__\/ \  \:\/:/ /:/          \  \:\/:/~/:/ \  \:\/:/__\/ \  \:\~~\~~\/ \  \:\/:::::/
2019-12-29 15:23:47 INFO  BankMain:25 -  \__\/  \:\   \  \::/       \  \::/ /:/            \  \::/ /:/   \  \::/       \  \:\  ~~~   \  \::/~~~~ 
2019-12-29 15:23:47 INFO  BankMain:26 -       \  \:\   \  \:\        \  \:\/:/              \  \:\/:/     \  \:\        \  \:\        \  \:\     
2019-12-29 15:23:47 INFO  BankMain:27 -        \__\/    \  \:\        \  \::/                \  \::/       \  \:\        \  \:\        \  \:\    
2019-12-29 15:23:47 INFO  BankMain:28 -                  \__\/         \__\/                  \__\/         \__\/         \__\/         \__\/ 
2019-12-29 15:23:47 INFO  BankMain:29 - ------------------------------------------------------------------------------------------------------------

2019-12-29 15:23:47 INFO  BankMain:30 - If you are an existing user, please sign in. If you are a new customer and would like to apply for a new
account, please see one of our make-believe representatives at our make-believe teller stations.

2019-12-29 15:23:47 INFO  BankMain:86 - Username:
2019-12-29 15:23:55 INFO  BankMain:88 - Password: 
2019-12-29 15:23:56 INFO  BankMain:49 - Please select from these available actions:
2019-12-29 15:23:56 INFO  BankMain:50 - 1. View pending account applications. (2)
2019-12-29 15:23:56 INFO  BankMain:51 - 2. Retrieve customer account info.
2019-12-29 15:23:56 INFO  BankMain:52 - 3. Retrieve transaction log.
2019-12-29 15:23:56 INFO  BankMain:53 - 4. Register new user.
2019-12-29 15:23:56 INFO  BankMain:54 - 5. Sign out.
2019-12-29 15:23:56 INFO  BankMain:55 - 6. Exit application.
2019-12-29 15:24:00 INFO  BankMain:49 - Please select from these available actions:
2019-12-29 15:24:00 INFO  BankMain:50 - 1. View pending account applications. (2)
2019-12-29 15:24:00 INFO  BankMain:51 - 2. Retrieve customer account info.
2019-12-29 15:24:00 INFO  BankMain:52 - 3. Retrieve transaction log.
2019-12-29 15:24:00 INFO  BankMain:53 - 4. Register new user.
2019-12-29 15:24:00 INFO  BankMain:54 - 5. Sign out.
2019-12-29 15:24:00 INFO  BankMain:55 - 6. Exit application.
2019-12-29 15:24:06 INFO  BankMain:49 - Please select from these available actions:
2019-12-29 15:24:06 INFO  BankMain:50 - 1. View pending account applications. (2)
2019-12-29 15:24:06 INFO  BankMain:51 - 2. Retrieve customer account info.
2019-12-29 15:24:06 INFO  BankMain:52 - 3. Retrieve transaction log.
2019-12-29 15:24:06 INFO  BankMain:53 - 4. Register new user.
2019-12-29 15:24:06 INFO  BankMain:54 - 5. Sign out.
2019-12-29 15:24:06 INFO  BankMain:55 - 6. Exit application.
2019-12-29 15:24:08 INFO  BankMain:49 - Please select from these available actions:
2019-12-29 15:24:08 INFO  BankMain:50 - 1. View pending account applications. (2)
2019-12-29 15:24:08 INFO  BankMain:51 - 2. Retrieve customer account info.
2019-12-29 15:24:08 INFO  BankMain:52 - 3. Retrieve transaction log.
2019-12-29 15:24:08 INFO  BankMain:53 - 4. Register new user.
2019-12-29 15:24:08 INFO  BankMain:54 - 5. Sign out.
2019-12-29 15:24:08 INFO  BankMain:55 - 6. Exit application.
2019-12-29 15:24:08 INFO  BankMain:49 - Please select from these available actions:
2019-12-29 15:24:08 INFO  BankMain:50 - 1. View pending account applications. (2)
2019-12-29 15:24:08 INFO  BankMain:51 - 2. Retrieve customer account info.
2019-12-29 15:24:08 INFO  BankMain:52 - 3. Retrieve transaction log.
2019-12-29 15:24:08 INFO  BankMain:53 - 4. Register new user.
2019-12-29 15:24:08 INFO  BankMain:54 - 5. Sign out.
2019-12-29 15:24:08 INFO  BankMain:55 - 6. Exit application.
2019-12-29 15:24:09 INFO  BankMain:49 - Please select from these available actions:
2019-12-29 15:24:09 INFO  BankMain:50 - 1. View pending account applications. (2)
2019-12-29 15:24:09 INFO  BankMain:51 - 2. Retrieve customer account info.
2019-12-29 15:24:09 INFO  BankMain:52 - 3. Retrieve transaction log.
2019-12-29 15:24:09 INFO  BankMain:53 - 4. Register new user.
2019-12-29 15:24:09 INFO  BankMain:54 - 5. Sign out.
2019-12-29 15:24:09 INFO  BankMain:55 - 6. Exit application.
2019-12-29 15:26:38 INFO  BankMain:17 - --------------------------------------------- WELCOME TO: -------------------------------------------------
2019-12-29 15:26:38 INFO  BankMain:18 -                   ___           ___                                  ___           ___           ___     
2019-12-29 15:26:38 INFO  BankMain:19 -       ___        /__/\         /  /\                  _____         /  /\         /__/\         /__/|    
2019-12-29 15:26:38 INFO  BankMain:20 -      /  /\       \  \:\       /  /:/_                /  /::\       /  /::\        \  \:\       |  |:|    
2019-12-29 15:26:38 INFO  BankMain:21 -     /  /:/        \__\:\     /  /:/ /\              /  /:/\:\     /  /:/\:\        \  \:\      |  |:|    
2019-12-29 15:26:38 INFO  BankMain:22 -    /  /:/     ___ /  /::\   /  /:/ /:/_            /  /:/~/::\   /  /:/~/::\   _____\__\:\   __|  |:|    
2019-12-29 15:26:38 INFO  BankMain:23 -   /  /::\    /__/\  /:/\:\ /__/:/ /:/ /\          /__/:/ /:/\:| /__/:/ /:/\:\ /__/::::::::\ /__/\_|:|____
2019-12-29 15:26:38 INFO  BankMain:24 -  /__/:/\:\   \  \:\/:/__\/ \  \:\/:/ /:/          \  \:\/:/~/:/ \  \:\/:/__\/ \  \:\~~\~~\/ \  \:\/:::::/
2019-12-29 15:26:38 INFO  BankMain:25 -  \__\/  \:\   \  \::/       \  \::/ /:/            \  \::/ /:/   \  \::/       \  \:\  ~~~   \  \::/~~~~ 
2019-12-29 15:26:38 INFO  BankMain:26 -       \  \:\   \  \:\        \  \:\/:/              \  \:\/:/     \  \:\        \  \:\        \  \:\     
2019-12-29 15:26:38 INFO  BankMain:27 -        \__\/    \  \:\        \  \::/                \  \::/       \  \:\        \  \:\        \  \:\    
2019-12-29 15:26:38 INFO  BankMain:28 -                  \__\/         \__\/                  \__\/         \__\/         \__\/         \__\/ 
2019-12-29 15:26:38 INFO  BankMain:29 - ------------------------------------------------------------------------------------------------------------

2019-12-29 15:26:38 INFO  BankMain:30 - If you are an existing user, please sign in. If you are a new customer and would like to apply for a new
account, please see one of our make-believe representatives at our make-believe teller stations.

2019-12-29 15:26:38 INFO  BankMain:86 - Username:
2019-12-29 15:26:43 INFO  BankMain:88 - Password: 
2019-12-29 15:26:44 INFO  BankMain:49 - Please select from these available actions:
2019-12-29 15:26:44 INFO  BankMain:50 - 1. View pending account applications. (2)
2019-12-29 15:26:44 INFO  BankMain:51 - 2. Retrieve customer account info.
2019-12-29 15:26:44 INFO  BankMain:52 - 3. Retrieve transaction log.
2019-12-29 15:26:44 INFO  BankMain:53 - 4. Register new user.
2019-12-29 15:26:44 INFO  BankMain:54 - 5. Sign out.
2019-12-29 15:26:44 INFO  BankMain:55 - 6. Exit application.
2019-12-29 15:26:46 INFO  BankMain:49 - Please select from these available actions:
2019-12-29 15:26:46 INFO  BankMain:50 - 1. View pending account applications. (2)
2019-12-29 15:26:46 INFO  BankMain:51 - 2. Retrieve customer account info.
2019-12-29 15:26:46 INFO  BankMain:52 - 3. Retrieve transaction log.
2019-12-29 15:26:46 INFO  BankMain:53 - 4. Register new user.
2019-12-29 15:26:46 INFO  BankMain:54 - 5. Sign out.
2019-12-29 15:26:46 INFO  BankMain:55 - 6. Exit application.
2019-12-29 15:26:50 INFO  BankMain:49 - Please select from these available actions:
2019-12-29 15:26:50 INFO  BankMain:50 - 1. View pending account applications. (2)
2019-12-29 15:26:50 INFO  BankMain:51 - 2. Retrieve customer account info.
2019-12-29 15:26:50 INFO  BankMain:52 - 3. Retrieve transaction log.
2019-12-29 15:26:50 INFO  BankMain:53 - 4. Register new user.
2019-12-29 15:26:50 INFO  BankMain:54 - 5. Sign out.
2019-12-29 15:26:50 INFO  BankMain:55 - 6. Exit application.
2019-12-29 15:26:51 INFO  BankMain:49 - Please select from these available actions:
2019-12-29 15:26:51 INFO  BankMain:50 - 1. View pending account applications. (2)
2019-12-29 15:26:51 INFO  BankMain:51 - 2. Retrieve customer account info.
2019-12-29 15:26:51 INFO  BankMain:52 - 3. Retrieve transaction log.
2019-12-29 15:26:51 INFO  BankMain:53 - 4. Register new user.
2019-12-29 15:26:51 INFO  BankMain:54 - 5. Sign out.
2019-12-29 15:26:51 INFO  BankMain:55 - 6. Exit application.
2019-12-29 15:26:52 INFO  BankMain:49 - Please select from these available actions:
2019-12-29 15:26:52 INFO  BankMain:50 - 1. View pending account applications. (2)
2019-12-29 15:26:52 INFO  BankMain:51 - 2. Retrieve customer account info.
2019-12-29 15:26:52 INFO  BankMain:52 - 3. Retrieve transaction log.
2019-12-29 15:26:52 INFO  BankMain:53 - 4. Register new user.
2019-12-29 15:26:52 INFO  BankMain:54 - 5. Sign out.
2019-12-29 15:26:52 INFO  BankMain:55 - 6. Exit application.
2019-12-29 15:27:03 INFO  BankMain:17 - --------------------------------------------- WELCOME TO: -------------------------------------------------
2019-12-29 15:27:03 INFO  BankMain:18 -                   ___           ___                                  ___           ___           ___     
2019-12-29 15:27:03 INFO  BankMain:19 -       ___        /__/\         /  /\                  _____         /  /\         /__/\         /__/|    
2019-12-29 15:27:03 INFO  BankMain:20 -      /  /\       \  \:\       /  /:/_                /  /::\       /  /::\        \  \:\       |  |:|    
2019-12-29 15:27:03 INFO  BankMain:21 -     /  /:/        \__\:\     /  /:/ /\              /  /:/\:\     /  /:/\:\        \  \:\      |  |:|    
2019-12-29 15:27:03 INFO  BankMain:22 -    /  /:/     ___ /  /::\   /  /:/ /:/_            /  /:/~/::\   /  /:/~/::\   _____\__\:\   __|  |:|    
2019-12-29 15:27:03 INFO  BankMain:23 -   /  /::\    /__/\  /:/\:\ /__/:/ /:/ /\          /__/:/ /:/\:| /__/:/ /:/\:\ /__/::::::::\ /__/\_|:|____
2019-12-29 15:27:03 INFO  BankMain:24 -  /__/:/\:\   \  \:\/:/__\/ \  \:\/:/ /:/          \  \:\/:/~/:/ \  \:\/:/__\/ \  \:\~~\~~\/ \  \:\/:::::/
2019-12-29 15:27:03 INFO  BankMain:25 -  \__\/  \:\   \  \::/       \  \::/ /:/            \  \::/ /:/   \  \::/       \  \:\  ~~~   \  \::/~~~~ 
2019-12-29 15:27:03 INFO  BankMain:26 -       \  \:\   \  \:\        \  \:\/:/              \  \:\/:/     \  \:\        \  \:\        \  \:\     
2019-12-29 15:27:03 INFO  BankMain:27 -        \__\/    \  \:\        \  \::/                \  \::/       \  \:\        \  \:\        \  \:\    
2019-12-29 15:27:03 INFO  BankMain:28 -                  \__\/         \__\/                  \__\/         \__\/         \__\/         \__\/ 
2019-12-29 15:27:03 INFO  BankMain:29 - ------------------------------------------------------------------------------------------------------------

2019-12-29 15:27:03 INFO  BankMain:30 - If you are an existing user, please sign in. If you are a new customer and would like to apply for a new
account, please see one of our make-believe representatives at our make-believe teller stations.

2019-12-29 15:27:03 INFO  BankMain:86 - Username:
2019-12-29 15:27:04 INFO  BankMain:88 - Password: 
2019-12-29 15:27:05 INFO  BankMain:164 - Sign-in failed: User / password combination not found.
2019-12-29 15:27:05 INFO  BankMain:17 - --------------------------------------------- WELCOME TO: -------------------------------------------------
2019-12-29 15:27:05 INFO  BankMain:18 -                   ___           ___                                  ___           ___           ___     
2019-12-29 15:27:05 INFO  BankMain:19 -       ___        /__/\         /  /\                  _____         /  /\         /__/\         /__/|    
2019-12-29 15:27:05 INFO  BankMain:20 -      /  /\       \  \:\       /  /:/_                /  /::\       /  /::\        \  \:\       |  |:|    
2019-12-29 15:27:05 INFO  BankMain:21 -     /  /:/        \__\:\     /  /:/ /\              /  /:/\:\     /  /:/\:\        \  \:\      |  |:|    
2019-12-29 15:27:05 INFO  BankMain:22 -    /  /:/     ___ /  /::\   /  /:/ /:/_            /  /:/~/::\   /  /:/~/::\   _____\__\:\   __|  |:|    
2019-12-29 15:27:05 INFO  BankMain:23 -   /  /::\    /__/\  /:/\:\ /__/:/ /:/ /\          /__/:/ /:/\:| /__/:/ /:/\:\ /__/::::::::\ /__/\_|:|____
2019-12-29 15:27:05 INFO  BankMain:24 -  /__/:/\:\   \  \:\/:/__\/ \  \:\/:/ /:/          \  \:\/:/~/:/ \  \:\/:/__\/ \  \:\~~\~~\/ \  \:\/:::::/
2019-12-29 15:27:05 INFO  BankMain:25 -  \__\/  \:\   \  \::/       \  \::/ /:/            \  \::/ /:/   \  \::/       \  \:\  ~~~   \  \::/~~~~ 
2019-12-29 15:27:05 INFO  BankMain:26 -       \  \:\   \  \:\        \  \:\/:/              \  \:\/:/     \  \:\        \  \:\        \  \:\     
2019-12-29 15:27:05 INFO  BankMain:27 -        \__\/    \  \:\        \  \::/                \  \::/       \  \:\        \  \:\        \  \:\    
2019-12-29 15:27:05 INFO  BankMain:28 -                  \__\/         \__\/                  \__\/         \__\/         \__\/         \__\/ 
2019-12-29 15:27:05 INFO  BankMain:29 - ------------------------------------------------------------------------------------------------------------

2019-12-29 15:27:05 INFO  BankMain:30 - If you are an existing user, please sign in. If you are a new customer and would like to apply for a new
account, please see one of our make-believe representatives at our make-believe teller stations.

2019-12-29 15:27:05 INFO  BankMain:86 - Username:
2019-12-29 15:27:07 INFO  BankMain:88 - Password: 
2019-12-29 15:27:08 INFO  BankMain:49 - Please select from these available actions:
2019-12-29 15:27:08 INFO  BankMain:50 - 1. View pending account applications. (2)
2019-12-29 15:27:08 INFO  BankMain:51 - 2. Retrieve customer account info.
2019-12-29 15:27:08 INFO  BankMain:52 - 3. Retrieve transaction log.
2019-12-29 15:27:08 INFO  BankMain:53 - 4. Register new user.
2019-12-29 15:27:08 INFO  BankMain:54 - 5. Sign out.
2019-12-29 15:27:08 INFO  BankMain:55 - 6. Exit application.
2019-12-29 15:27:10 INFO  BankMain:119 - Goodbye.
2019-12-29 15:27:10 INFO  BankMain:169 - You selected: 6.
Goodbye.
2019-12-29 15:30:43 INFO  BankMain:17 - --------------------------------------------- WELCOME TO: -------------------------------------------------
2019-12-29 15:30:43 INFO  BankMain:18 -                   ___           ___                                  ___           ___           ___     
2019-12-29 15:30:43 INFO  BankMain:19 -       ___        /__/\         /  /\                  _____         /  /\         /__/\         /__/|    
2019-12-29 15:30:43 INFO  BankMain:20 -      /  /\       \  \:\       /  /:/_                /  /::\       /  /::\        \  \:\       |  |:|    
2019-12-29 15:30:43 INFO  BankMain:21 -     /  /:/        \__\:\     /  /:/ /\              /  /:/\:\     /  /:/\:\        \  \:\      |  |:|    
2019-12-29 15:30:43 INFO  BankMain:22 -    /  /:/     ___ /  /::\   /  /:/ /:/_            /  /:/~/::\   /  /:/~/::\   _____\__\:\   __|  |:|    
2019-12-29 15:30:43 INFO  BankMain:23 -   /  /::\    /__/\  /:/\:\ /__/:/ /:/ /\          /__/:/ /:/\:| /__/:/ /:/\:\ /__/::::::::\ /__/\_|:|____
2019-12-29 15:30:43 INFO  BankMain:24 -  /__/:/\:\   \  \:\/:/__\/ \  \:\/:/ /:/          \  \:\/:/~/:/ \  \:\/:/__\/ \  \:\~~\~~\/ \  \:\/:::::/
2019-12-29 15:30:43 INFO  BankMain:25 -  \__\/  \:\   \  \::/       \  \::/ /:/            \  \::/ /:/   \  \::/       \  \:\  ~~~   \  \::/~~~~ 
2019-12-29 15:30:43 INFO  BankMain:26 -       \  \:\   \  \:\        \  \:\/:/              \  \:\/:/     \  \:\        \  \:\        \  \:\     
2019-12-29 15:30:43 INFO  BankMain:27 -        \__\/    \  \:\        \  \::/                \  \::/       \  \:\        \  \:\        \  \:\    
2019-12-29 15:30:43 INFO  BankMain:28 -                  \__\/         \__\/                  \__\/         \__\/         \__\/         \__\/ 
2019-12-29 15:30:43 INFO  BankMain:29 - ------------------------------------------------------------------------------------------------------------

2019-12-29 15:30:43 INFO  BankMain:30 - If you are an existing user, please sign in. If you are a new customer and would like to apply for a new
account, please see one of our make-believe representatives at our make-believe teller stations.

2019-12-29 15:30:43 INFO  BankMain:86 - Username:
2019-12-29 15:30:47 INFO  BankMain:88 - Password: 
2019-12-29 15:30:49 INFO  BankMain:164 - Sign-in failed: User / password combination not found.
2019-12-29 15:30:49 INFO  BankMain:17 - --------------------------------------------- WELCOME TO: -------------------------------------------------
2019-12-29 15:30:49 INFO  BankMain:18 -                   ___           ___                                  ___           ___           ___     
2019-12-29 15:30:49 INFO  BankMain:19 -       ___        /__/\         /  /\                  _____         /  /\         /__/\         /__/|    
2019-12-29 15:30:49 INFO  BankMain:20 -      /  /\       \  \:\       /  /:/_                /  /::\       /  /::\        \  \:\       |  |:|    
2019-12-29 15:30:49 INFO  BankMain:21 -     /  /:/        \__\:\     /  /:/ /\              /  /:/\:\     /  /:/\:\        \  \:\      |  |:|    
2019-12-29 15:30:49 INFO  BankMain:22 -    /  /:/     ___ /  /::\   /  /:/ /:/_            /  /:/~/::\   /  /:/~/::\   _____\__\:\   __|  |:|    
2019-12-29 15:30:49 INFO  BankMain:23 -   /  /::\    /__/\  /:/\:\ /__/:/ /:/ /\          /__/:/ /:/\:| /__/:/ /:/\:\ /__/::::::::\ /__/\_|:|____
2019-12-29 15:30:49 INFO  BankMain:24 -  /__/:/\:\   \  \:\/:/__\/ \  \:\/:/ /:/          \  \:\/:/~/:/ \  \:\/:/__\/ \  \:\~~\~~\/ \  \:\/:::::/
2019-12-29 15:30:49 INFO  BankMain:25 -  \__\/  \:\   \  \::/       \  \::/ /:/            \  \::/ /:/   \  \::/       \  \:\  ~~~   \  \::/~~~~ 
2019-12-29 15:30:49 INFO  BankMain:26 -       \  \:\   \  \:\        \  \:\/:/              \  \:\/:/     \  \:\        \  \:\        \  \:\     
2019-12-29 15:30:49 INFO  BankMain:27 -        \__\/    \  \:\        \  \::/                \  \::/       \  \:\        \  \:\        \  \:\    
2019-12-29 15:30:49 INFO  BankMain:28 -                  \__\/         \__\/                  \__\/         \__\/         \__\/         \__\/ 
2019-12-29 15:30:49 INFO  BankMain:29 - ------------------------------------------------------------------------------------------------------------

2019-12-29 15:30:49 INFO  BankMain:30 - If you are an existing user, please sign in. If you are a new customer and would like to apply for a new
account, please see one of our make-believe representatives at our make-believe teller stations.

2019-12-29 15:30:49 INFO  BankMain:86 - Username:
2019-12-29 15:31:38 INFO  BankMain:17 - --------------------------------------------- WELCOME TO: -------------------------------------------------
2019-12-29 15:31:38 INFO  BankMain:18 -                   ___           ___                                  ___           ___           ___     
2019-12-29 15:31:38 INFO  BankMain:19 -       ___        /__/\         /  /\                  _____         /  /\         /__/\         /__/|    
2019-12-29 15:31:38 INFO  BankMain:20 -      /  /\       \  \:\       /  /:/_                /  /::\       /  /::\        \  \:\       |  |:|    
2019-12-29 15:31:38 INFO  BankMain:21 -     /  /:/        \__\:\     /  /:/ /\              /  /:/\:\     /  /:/\:\        \  \:\      |  |:|    
2019-12-29 15:31:38 INFO  BankMain:22 -    /  /:/     ___ /  /::\   /  /:/ /:/_            /  /:/~/::\   /  /:/~/::\   _____\__\:\   __|  |:|    
2019-12-29 15:31:38 INFO  BankMain:23 -   /  /::\    /__/\  /:/\:\ /__/:/ /:/ /\          /__/:/ /:/\:| /__/:/ /:/\:\ /__/::::::::\ /__/\_|:|____
2019-12-29 15:31:38 INFO  BankMain:24 -  /__/:/\:\   \  \:\/:/__\/ \  \:\/:/ /:/          \  \:\/:/~/:/ \  \:\/:/__\/ \  \:\~~\~~\/ \  \:\/:::::/
2019-12-29 15:31:38 INFO  BankMain:25 -  \__\/  \:\   \  \::/       \  \::/ /:/            \  \::/ /:/   \  \::/       \  \:\  ~~~   \  \::/~~~~ 
2019-12-29 15:31:38 INFO  BankMain:26 -       \  \:\   \  \:\        \  \:\/:/              \  \:\/:/     \  \:\        \  \:\        \  \:\     
2019-12-29 15:31:38 INFO  BankMain:27 -        \__\/    \  \:\        \  \::/                \  \::/       \  \:\        \  \:\        \  \:\    
2019-12-29 15:31:38 INFO  BankMain:28 -                  \__\/         \__\/                  \__\/         \__\/         \__\/         \__\/ 
2019-12-29 15:31:38 INFO  BankMain:29 - ------------------------------------------------------------------------------------------------------------

2019-12-29 15:31:38 INFO  BankMain:30 - If you are an existing user, please sign in. If you are a new customer and would like to apply for a new
account, please see one of our make-believe representatives at our make-believe teller stations.

2019-12-29 15:31:38 INFO  BankMain:86 - Username:
2019-12-29 15:31:41 INFO  BankMain:88 - Password: 
2019-12-29 15:31:43 INFO  BankMain:164 - Sign-in failed: User / password combination not found.
If you believe this has occurred by mistake, please contact a system admin or employee.
2019-12-29 15:31:43 INFO  BankMain:17 - --------------------------------------------- WELCOME TO: -------------------------------------------------
2019-12-29 15:31:43 INFO  BankMain:18 -                   ___           ___                                  ___           ___           ___     
2019-12-29 15:31:43 INFO  BankMain:19 -       ___        /__/\         /  /\                  _____         /  /\         /__/\         /__/|    
2019-12-29 15:31:43 INFO  BankMain:20 -      /  /\       \  \:\       /  /:/_                /  /::\       /  /::\        \  \:\       |  |:|    
2019-12-29 15:31:43 INFO  BankMain:21 -     /  /:/        \__\:\     /  /:/ /\              /  /:/\:\     /  /:/\:\        \  \:\      |  |:|    
2019-12-29 15:31:43 INFO  BankMain:22 -    /  /:/     ___ /  /::\   /  /:/ /:/_            /  /:/~/::\   /  /:/~/::\   _____\__\:\   __|  |:|    
2019-12-29 15:31:43 INFO  BankMain:23 -   /  /::\    /__/\  /:/\:\ /__/:/ /:/ /\          /__/:/ /:/\:| /__/:/ /:/\:\ /__/::::::::\ /__/\_|:|____
2019-12-29 15:31:43 INFO  BankMain:24 -  /__/:/\:\   \  \:\/:/__\/ \  \:\/:/ /:/          \  \:\/:/~/:/ \  \:\/:/__\/ \  \:\~~\~~\/ \  \:\/:::::/
2019-12-29 15:31:43 INFO  BankMain:25 -  \__\/  \:\   \  \::/       \  \::/ /:/            \  \::/ /:/   \  \::/       \  \:\  ~~~   \  \::/~~~~ 
2019-12-29 15:31:43 INFO  BankMain:26 -       \  \:\   \  \:\        \  \:\/:/              \  \:\/:/     \  \:\        \  \:\        \  \:\     
2019-12-29 15:31:43 INFO  BankMain:27 -        \__\/    \  \:\        \  \::/                \  \::/       \  \:\        \  \:\        \  \:\    
2019-12-29 15:31:43 INFO  BankMain:28 -                  \__\/         \__\/                  \__\/         \__\/         \__\/         \__\/ 
2019-12-29 15:31:43 INFO  BankMain:29 - ------------------------------------------------------------------------------------------------------------

2019-12-29 15:31:43 INFO  BankMain:30 - If you are an existing user, please sign in. If you are a new customer and would like to apply for a new
account, please see one of our make-believe representatives at our make-believe teller stations.

2019-12-29 15:31:43 INFO  BankMain:86 - Username:
2019-12-29 15:32:14 INFO  BankMain:17 - --------------------------------------------- WELCOME TO: -------------------------------------------------
2019-12-29 15:32:14 INFO  BankMain:18 -                   ___           ___                                  ___           ___           ___     
2019-12-29 15:32:14 INFO  BankMain:19 -       ___        /__/\         /  /\                  _____         /  /\         /__/\         /__/|    
2019-12-29 15:32:14 INFO  BankMain:20 -      /  /\       \  \:\       /  /:/_                /  /::\       /  /::\        \  \:\       |  |:|    
2019-12-29 15:32:14 INFO  BankMain:21 -     /  /:/        \__\:\     /  /:/ /\              /  /:/\:\     /  /:/\:\        \  \:\      |  |:|    
2019-12-29 15:32:14 INFO  BankMain:22 -    /  /:/     ___ /  /::\   /  /:/ /:/_            /  /:/~/::\   /  /:/~/::\   _____\__\:\   __|  |:|    
2019-12-29 15:32:14 INFO  BankMain:23 -   /  /::\    /__/\  /:/\:\ /__/:/ /:/ /\          /__/:/ /:/\:| /__/:/ /:/\:\ /__/::::::::\ /__/\_|:|____
2019-12-29 15:32:14 INFO  BankMain:24 -  /__/:/\:\   \  \:\/:/__\/ \  \:\/:/ /:/          \  \:\/:/~/:/ \  \:\/:/__\/ \  \:\~~\~~\/ \  \:\/:::::/
2019-12-29 15:32:14 INFO  BankMain:25 -  \__\/  \:\   \  \::/       \  \::/ /:/            \  \::/ /:/   \  \::/       \  \:\  ~~~   \  \::/~~~~ 
2019-12-29 15:32:14 INFO  BankMain:26 -       \  \:\   \  \:\        \  \:\/:/              \  \:\/:/     \  \:\        \  \:\        \  \:\     
2019-12-29 15:32:14 INFO  BankMain:27 -        \__\/    \  \:\        \  \::/                \  \::/       \  \:\        \  \:\        \  \:\    
2019-12-29 15:32:14 INFO  BankMain:28 -                  \__\/         \__\/                  \__\/         \__\/         \__\/         \__\/ 
2019-12-29 15:32:14 INFO  BankMain:29 - ------------------------------------------------------------------------------------------------------------

2019-12-29 15:32:14 INFO  BankMain:30 - If you are an existing user, please sign in. If you are a new customer and would like to apply for a new
account, please see one of our make-believe representatives at our make-believe teller stations.

2019-12-29 15:32:14 INFO  BankMain:86 - Username:
2019-12-29 15:32:18 INFO  BankMain:88 - Password: 
2019-12-29 15:32:20 INFO  BankMain:164 - Sign-in failed: User / password combination not found.
If you believe this has occurred by mistake, please contact an employee.


2019-12-29 15:32:20 INFO  BankMain:17 - --------------------------------------------- WELCOME TO: -------------------------------------------------
2019-12-29 15:32:20 INFO  BankMain:18 -                   ___           ___                                  ___           ___           ___     
2019-12-29 15:32:20 INFO  BankMain:19 -       ___        /__/\         /  /\                  _____         /  /\         /__/\         /__/|    
2019-12-29 15:32:20 INFO  BankMain:20 -      /  /\       \  \:\       /  /:/_                /  /::\       /  /::\        \  \:\       |  |:|    
2019-12-29 15:32:20 INFO  BankMain:21 -     /  /:/        \__\:\     /  /:/ /\              /  /:/\:\     /  /:/\:\        \  \:\      |  |:|    
2019-12-29 15:32:20 INFO  BankMain:22 -    /  /:/     ___ /  /::\   /  /:/ /:/_            /  /:/~/::\   /  /:/~/::\   _____\__\:\   __|  |:|    
2019-12-29 15:32:20 INFO  BankMain:23 -   /  /::\    /__/\  /:/\:\ /__/:/ /:/ /\          /__/:/ /:/\:| /__/:/ /:/\:\ /__/::::::::\ /__/\_|:|____
2019-12-29 15:32:20 INFO  BankMain:24 -  /__/:/\:\   \  \:\/:/__\/ \  \:\/:/ /:/          \  \:\/:/~/:/ \  \:\/:/__\/ \  \:\~~\~~\/ \  \:\/:::::/
2019-12-29 15:32:20 INFO  BankMain:25 -  \__\/  \:\   \  \::/       \  \::/ /:/            \  \::/ /:/   \  \::/       \  \:\  ~~~   \  \::/~~~~ 
2019-12-29 15:32:20 INFO  BankMain:26 -       \  \:\   \  \:\        \  \:\/:/              \  \:\/:/     \  \:\        \  \:\        \  \:\     
2019-12-29 15:32:20 INFO  BankMain:27 -        \__\/    \  \:\        \  \::/                \  \::/       \  \:\        \  \:\        \  \:\    
2019-12-29 15:32:20 INFO  BankMain:28 -                  \__\/         \__\/                  \__\/         \__\/         \__\/         \__\/ 
2019-12-29 15:32:20 INFO  BankMain:29 - ------------------------------------------------------------------------------------------------------------

2019-12-29 15:32:20 INFO  BankMain:30 - If you are an existing user, please sign in. If you are a new customer and would like to apply for a new
account, please see one of our make-believe representatives at our make-believe teller stations.

2019-12-29 15:32:20 INFO  BankMain:86 - Username:
2019-12-29 15:32:31 INFO  BankMain:88 - Password: 
2019-12-29 15:32:32 INFO  BankMain:49 - 
Please select from these available actions:
2019-12-29 15:32:32 INFO  BankMain:50 - 1. View pending account applications. (2)
2019-12-29 15:32:32 INFO  BankMain:51 - 2. Retrieve customer account info.
2019-12-29 15:32:32 INFO  BankMain:52 - 3. Retrieve transaction log.
2019-12-29 15:32:32 INFO  BankMain:53 - 4. Register new user.
2019-12-29 15:32:32 INFO  BankMain:54 - 5. Sign out.
2019-12-29 15:32:32 INFO  BankMain:55 - 6. Exit application.
2019-12-29 15:32:34 INFO  BankMain:17 - --------------------------------------------- WELCOME TO: -------------------------------------------------
2019-12-29 15:32:34 INFO  BankMain:18 -                   ___           ___                                  ___           ___           ___     
2019-12-29 15:32:34 INFO  BankMain:19 -       ___        /__/\         /  /\                  _____         /  /\         /__/\         /__/|    
2019-12-29 15:32:34 INFO  BankMain:20 -      /  /\       \  \:\       /  /:/_                /  /::\       /  /::\        \  \:\       |  |:|    
2019-12-29 15:32:34 INFO  BankMain:21 -     /  /:/        \__\:\     /  /:/ /\              /  /:/\:\     /  /:/\:\        \  \:\      |  |:|    
2019-12-29 15:32:34 INFO  BankMain:22 -    /  /:/     ___ /  /::\   /  /:/ /:/_            /  /:/~/::\   /  /:/~/::\   _____\__\:\   __|  |:|    
2019-12-29 15:32:34 INFO  BankMain:23 -   /  /::\    /__/\  /:/\:\ /__/:/ /:/ /\          /__/:/ /:/\:| /__/:/ /:/\:\ /__/::::::::\ /__/\_|:|____
2019-12-29 15:32:34 INFO  BankMain:24 -  /__/:/\:\   \  \:\/:/__\/ \  \:\/:/ /:/          \  \:\/:/~/:/ \  \:\/:/__\/ \  \:\~~\~~\/ \  \:\/:::::/
2019-12-29 15:32:34 INFO  BankMain:25 -  \__\/  \:\   \  \::/       \  \::/ /:/            \  \::/ /:/   \  \::/       \  \:\  ~~~   \  \::/~~~~ 
2019-12-29 15:32:34 INFO  BankMain:26 -       \  \:\   \  \:\        \  \:\/:/              \  \:\/:/     \  \:\        \  \:\        \  \:\     
2019-12-29 15:32:34 INFO  BankMain:27 -        \__\/    \  \:\        \  \::/                \  \::/       \  \:\        \  \:\        \  \:\    
2019-12-29 15:32:34 INFO  BankMain:28 -                  \__\/         \__\/                  \__\/         \__\/         \__\/         \__\/ 
2019-12-29 15:32:34 INFO  BankMain:29 - ------------------------------------------------------------------------------------------------------------

2019-12-29 15:32:34 INFO  BankMain:30 - If you are an existing user, please sign in. If you are a new customer and would like to apply for a new
account, please see one of our make-believe representatives at our make-believe teller stations.

2019-12-29 15:32:34 INFO  BankMain:86 - Username:
2019-12-29 15:32:38 INFO  BankMain:88 - Password: 
2019-12-29 15:32:39 INFO  BankMain:49 - 
Please select from these available actions:
2019-12-29 15:32:39 INFO  BankMain:50 - 1. View pending account applications. (2)
2019-12-29 15:32:39 INFO  BankMain:51 - 2. Retrieve customer account info.
2019-12-29 15:32:39 INFO  BankMain:52 - 3. Retrieve transaction log.
2019-12-29 15:32:39 INFO  BankMain:53 - 4. Register new user.
2019-12-29 15:32:39 INFO  BankMain:54 - 5. Sign out.
2019-12-29 15:32:39 INFO  BankMain:55 - 6. Exit application.
2019-12-29 15:32:40 INFO  BankMain:119 - Goodbye.
2019-12-29 15:32:40 INFO  BankMain:169 - You selected: 6.
Goodbye.
2019-12-29 15:33:03 INFO  BankMain:17 - --------------------------------------------- WELCOME TO: -------------------------------------------------
2019-12-29 15:33:03 INFO  BankMain:18 -                   ___           ___                                  ___           ___           ___     
2019-12-29 15:33:03 INFO  BankMain:19 -       ___        /__/\         /  /\                  _____         /  /\         /__/\         /__/|    
2019-12-29 15:33:03 INFO  BankMain:20 -      /  /\       \  \:\       /  /:/_                /  /::\       /  /::\        \  \:\       |  |:|    
2019-12-29 15:33:03 INFO  BankMain:21 -     /  /:/        \__\:\     /  /:/ /\              /  /:/\:\     /  /:/\:\        \  \:\      |  |:|    
2019-12-29 15:33:03 INFO  BankMain:22 -    /  /:/     ___ /  /::\   /  /:/ /:/_            /  /:/~/::\   /  /:/~/::\   _____\__\:\   __|  |:|    
2019-12-29 15:33:03 INFO  BankMain:23 -   /  /::\    /__/\  /:/\:\ /__/:/ /:/ /\          /__/:/ /:/\:| /__/:/ /:/\:\ /__/::::::::\ /__/\_|:|____
2019-12-29 15:33:03 INFO  BankMain:24 -  /__/:/\:\   \  \:\/:/__\/ \  \:\/:/ /:/          \  \:\/:/~/:/ \  \:\/:/__\/ \  \:\~~\~~\/ \  \:\/:::::/
2019-12-29 15:33:03 INFO  BankMain:25 -  \__\/  \:\   \  \::/       \  \::/ /:/            \  \::/ /:/   \  \::/       \  \:\  ~~~   \  \::/~~~~ 
2019-12-29 15:33:03 INFO  BankMain:26 -       \  \:\   \  \:\        \  \:\/:/              \  \:\/:/     \  \:\        \  \:\        \  \:\     
2019-12-29 15:33:03 INFO  BankMain:27 -        \__\/    \  \:\        \  \::/                \  \::/       \  \:\        \  \:\        \  \:\    
2019-12-29 15:33:03 INFO  BankMain:28 -                  \__\/         \__\/                  \__\/         \__\/         \__\/         \__\/ 
2019-12-29 15:33:03 INFO  BankMain:29 - ------------------------------------------------------------------------------------------------------------

2019-12-29 15:33:03 INFO  BankMain:30 - If you are an existing user, please sign in. If you are a new customer and would like to apply for a new
account, please see one of our make-believe representatives at our make-believe teller stations.

2019-12-29 15:33:03 INFO  BankMain:86 - Username:
2019-12-29 15:33:05 INFO  BankMain:88 - Password: 
2019-12-29 15:33:07 INFO  BankMain:49 - 
Please select from these available actions:
2019-12-29 15:33:07 INFO  BankMain:50 - 1. View pending account applications. (2)
2019-12-29 15:33:07 INFO  BankMain:51 - 2. Retrieve customer account info.
2019-12-29 15:33:07 INFO  BankMain:52 - 3. Retrieve transaction log.
2019-12-29 15:33:07 INFO  BankMain:53 - 4. Register new user.
2019-12-29 15:33:07 INFO  BankMain:54 - 5. Sign out.
2019-12-29 15:33:07 INFO  BankMain:55 - 6. Exit application.
2019-12-29 15:33:11 INFO  BankMain:119 - Goodbye.
2019-12-29 15:33:11 INFO  BankMain:169 - You selected: 6.
Goodbye.
